[     720ms] [WARNING] The PerformanceObserver does not support buffered flag with the entryTypes argument. @ https://www.gstatic.com/_/mss/boq-cloud-client/_/js/k=boq-cloud-client.VertexAiStudioStandaloneUi.ko.-njrLqqSIgA.es6.O/am=AAAAAAAHAAAAAADAAgAAIA/d=1/excm=b/ed=1/wt=2/ujg=1/rs=AJ563L8XC4h-046Ntqo1XrdBM-v-6CfrxA/dti=1/m=b:1194
[    1059ms] [WARNING] No ID or name found in config. @ https://www.gstatic.com/_/mss/boq-cloud-client/_/js/k=boq-cloud-client.VertexAiStudioStandaloneUi.ko.-njrLqqSIgA.es6.O/am=AAAAAAAHAAAAAADAAgAAIA/d=1/excm=b/ed=1/wt=2/ujg=1/rs=AJ563L8XC4h-046Ntqo1XrdBM-v-6CfrxA/dti=1/m=b:3693
[    1063ms] [WARNING] No ID or name found in config. @ https://www.gstatic.com/_/mss/boq-cloud-client/_/js/k=boq-cloud-client.VertexAiStudioStandaloneUi.ko.-njrLqqSIgA.es6.O/am=AAAAAAAHAAAAAADAAgAAIA/d=1/excm=b/ed=1/wt=2/ujg=1/rs=AJ563L8XC4h-046Ntqo1XrdBM-v-6CfrxA/dti=1/m=b:3693
[    1064ms] [WARNING] No ID or name found in config. @ https://www.gstatic.com/_/mss/boq-cloud-client/_/js/k=boq-cloud-client.VertexAiStudioStandaloneUi.ko.-njrLqqSIgA.es6.O/am=AAAAAAAHAAAAAADAAgAAIA/d=1/excm=b/ed=1/wt=2/ujg=1/rs=AJ563L8XC4h-046Ntqo1XrdBM-v-6CfrxA/dti=1/m=b:3693
[    1066ms] [WARNING] No ID or name found in config. @ https://www.gstatic.com/_/mss/boq-cloud-client/_/js/k=boq-cloud-client.VertexAiStudioStandaloneUi.ko.-njrLqqSIgA.es6.O/am=AAAAAAAHAAAAAADAAgAAIA/d=1/excm=b/ed=1/wt=2/ujg=1/rs=AJ563L8XC4h-046Ntqo1XrdBM-v-6CfrxA/dti=1/m=b:3693
[    1067ms] [WARNING] No ID or name found in config. @ https://www.gstatic.com/_/mss/boq-cloud-client/_/js/k=boq-cloud-client.VertexAiStudioStandaloneUi.ko.-njrLqqSIgA.es6.O/am=AAAAAAAHAAAAAADAAgAAIA/d=1/excm=b/ed=1/wt=2/ujg=1/rs=AJ563L8XC4h-046Ntqo1XrdBM-v-6CfrxA/dti=1/m=b:3693
[    1078ms] [WARNING] No ID or name found in config. @ https://www.gstatic.com/_/mss/boq-cloud-client/_/js/k=boq-cloud-client.VertexAiStudioStandaloneUi.ko.-njrLqqSIgA.es6.O/am=AAAAAAAHAAAAAADAAgAAIA/d=1/excm=b/ed=1/wt=2/ujg=1/rs=AJ563L8XC4h-046Ntqo1XrdBM-v-6CfrxA/dti=1/m=b:3693
[    1080ms] [WARNING] No ID or name found in config. @ https://www.gstatic.com/_/mss/boq-cloud-client/_/js/k=boq-cloud-client.VertexAiStudioStandaloneUi.ko.-njrLqqSIgA.es6.O/am=AAAAAAAHAAAAAADAAgAAIA/d=1/excm=b/ed=1/wt=2/ujg=1/rs=AJ563L8XC4h-046Ntqo1XrdBM-v-6CfrxA/dti=1/m=b:3693
[    1081ms] [WARNING] No ID or name found in config. @ https://www.gstatic.com/_/mss/boq-cloud-client/_/js/k=boq-cloud-client.VertexAiStudioStandaloneUi.ko.-njrLqqSIgA.es6.O/am=AAAAAAAHAAAAAADAAgAAIA/d=1/excm=b/ed=1/wt=2/ujg=1/rs=AJ563L8XC4h-046Ntqo1XrdBM-v-6CfrxA/dti=1/m=b:3693
[    1082ms] [WARNING] No ID or name found in config. @ https://www.gstatic.com/_/mss/boq-cloud-client/_/js/k=boq-cloud-client.VertexAiStudioStandaloneUi.ko.-njrLqqSIgA.es6.O/am=AAAAAAAHAAAAAADAAgAAIA/d=1/excm=b/ed=1/wt=2/ujg=1/rs=AJ563L8XC4h-046Ntqo1XrdBM-v-6CfrxA/dti=1/m=b:3693
[    1083ms] [WARNING] No ID or name found in config. @ https://www.gstatic.com/_/mss/boq-cloud-client/_/js/k=boq-cloud-client.VertexAiStudioStandaloneUi.ko.-njrLqqSIgA.es6.O/am=AAAAAAAHAAAAAADAAgAAIA/d=1/excm=b/ed=1/wt=2/ujg=1/rs=AJ563L8XC4h-046Ntqo1XrdBM-v-6CfrxA/dti=1/m=b:3693
[    1084ms] [WARNING] No ID or name found in config. @ https://www.gstatic.com/_/mss/boq-cloud-client/_/js/k=boq-cloud-client.VertexAiStudioStandaloneUi.ko.-njrLqqSIgA.es6.O/am=AAAAAAAHAAAAAADAAgAAIA/d=1/excm=b/ed=1/wt=2/ujg=1/rs=AJ563L8XC4h-046Ntqo1XrdBM-v-6CfrxA/dti=1/m=b:3693
[    1085ms] [WARNING] No ID or name found in config. @ https://www.gstatic.com/_/mss/boq-cloud-client/_/js/k=boq-cloud-client.VertexAiStudioStandaloneUi.ko.-njrLqqSIgA.es6.O/am=AAAAAAAHAAAAAADAAgAAIA/d=1/excm=b/ed=1/wt=2/ujg=1/rs=AJ563L8XC4h-046Ntqo1XrdBM-v-6CfrxA/dti=1/m=b:3693
[    1219ms] [ERROR] Failed to load resource: the server responded with a status of 404 () @ https://cloudusersettings-pa.clients6.google.com/v1alpha1/settings/SIDENAV_COMPACT_MODE?key=AIzaSyCI-zsRP85UVOi0DjtiCwWBwQ1djDy741g:0
[    1399ms] [WARNING] The PerformanceObserver does not support buffered flag with the entryTypes argument. @ https://www.gstatic.com/_/mss/boq-cloud-client/_/js/k=boq-cloud-client.OneCloudBarMicroUi.ko.XLaKm2lIcLo.es6.O/d=1/ed=1/wt=2/ujg=1/rs=AJ563L97kfePQrTeWUJjvIilWvJigHb7zA/dti=1/m=ocb:938
[    1536ms] [ERROR] Failed to load resource: the server responded with a status of 404 () @ https://cloudusersettings-pa.clients6.google.com/v1alpha1/settings/PIPELINES_AND_CONNECTIONS_OPT_IN?key=AIzaSyCI-zsRP85UVOi0DjtiCwWBwQ1djDy741g:0
[    1544ms] [ERROR] Failed to load resource: the server responded with a status of 404 () @ https://cloudusersettings-pa.clients6.google.com/v1alpha1/settings/CCX_SECTION_NAV_EXPANDED_PAGE_GROUPS/keys/ai-platform?key=AIzaSyCI-zsRP85UVOi0DjtiCwWBwQ1djDy741g:0
[    1545ms] [WARNING] No ID or name found in config. @ https://www.gstatic.com/_/mss/boq-cloud-client/_/js/k=boq-cloud-client.VertexAiStudioStandaloneUi.ko.-njrLqqSIgA.es6.O/am=AAAAAAAHAAAAAADAAgAAIA/d=1/excm=b/ed=1/wt=2/ujg=1/rs=AJ563L8XC4h-046Ntqo1XrdBM-v-6CfrxA/dti=1/m=b:3693
[    1546ms] [WARNING] No ID or name found in config. @ https://www.gstatic.com/_/mss/boq-cloud-client/_/js/k=boq-cloud-client.VertexAiStudioStandaloneUi.ko.-njrLqqSIgA.es6.O/am=AAAAAAAHAAAAAADAAgAAIA/d=1/excm=b/ed=1/wt=2/ujg=1/rs=AJ563L8XC4h-046Ntqo1XrdBM-v-6CfrxA/dti=1/m=b:3693
[    1548ms] [WARNING] No ID or name found in config. @ https://www.gstatic.com/_/mss/boq-cloud-client/_/js/k=boq-cloud-client.VertexAiStudioStandaloneUi.ko.-njrLqqSIgA.es6.O/am=AAAAAAAHAAAAAADAAgAAIA/d=1/excm=b/ed=1/wt=2/ujg=1/rs=AJ563L8XC4h-046Ntqo1XrdBM-v-6CfrxA/dti=1/m=b:3693
[    1549ms] [WARNING] No ID or name found in config. @ https://www.gstatic.com/_/mss/boq-cloud-client/_/js/k=boq-cloud-client.VertexAiStudioStandaloneUi.ko.-njrLqqSIgA.es6.O/am=AAAAAAAHAAAAAADAAgAAIA/d=1/excm=b/ed=1/wt=2/ujg=1/rs=AJ563L8XC4h-046Ntqo1XrdBM-v-6CfrxA/dti=1/m=b:3693
[    1549ms] [WARNING] No ID or name found in config. @ https://www.gstatic.com/_/mss/boq-cloud-client/_/js/k=boq-cloud-client.VertexAiStudioStandaloneUi.ko.-njrLqqSIgA.es6.O/am=AAAAAAAHAAAAAADAAgAAIA/d=1/excm=b/ed=1/wt=2/ujg=1/rs=AJ563L8XC4h-046Ntqo1XrdBM-v-6CfrxA/dti=1/m=b:3693
[    1550ms] [WARNING] No ID or name found in config. @ https://www.gstatic.com/_/mss/boq-cloud-client/_/js/k=boq-cloud-client.VertexAiStudioStandaloneUi.ko.-njrLqqSIgA.es6.O/am=AAAAAAAHAAAAAADAAgAAIA/d=1/excm=b/ed=1/wt=2/ujg=1/rs=AJ563L8XC4h-046Ntqo1XrdBM-v-6CfrxA/dti=1/m=b:3693
[    1551ms] [WARNING] No ID or name found in config. @ https://www.gstatic.com/_/mss/boq-cloud-client/_/js/k=boq-cloud-client.VertexAiStudioStandaloneUi.ko.-njrLqqSIgA.es6.O/am=AAAAAAAHAAAAAADAAgAAIA/d=1/excm=b/ed=1/wt=2/ujg=1/rs=AJ563L8XC4h-046Ntqo1XrdBM-v-6CfrxA/dti=1/m=b:3693
[    1552ms] [WARNING] No ID or name found in config. @ https://www.gstatic.com/_/mss/boq-cloud-client/_/js/k=boq-cloud-client.VertexAiStudioStandaloneUi.ko.-njrLqqSIgA.es6.O/am=AAAAAAAHAAAAAADAAgAAIA/d=1/excm=b/ed=1/wt=2/ujg=1/rs=AJ563L8XC4h-046Ntqo1XrdBM-v-6CfrxA/dti=1/m=b:3693
[    1553ms] [WARNING] No ID or name found in config. @ https://www.gstatic.com/_/mss/boq-cloud-client/_/js/k=boq-cloud-client.VertexAiStudioStandaloneUi.ko.-njrLqqSIgA.es6.O/am=AAAAAAAHAAAAAADAAgAAIA/d=1/excm=b/ed=1/wt=2/ujg=1/rs=AJ563L8XC4h-046Ntqo1XrdBM-v-6CfrxA/dti=1/m=b:3693
[    1554ms] [WARNING] No ID or name found in config. @ https://www.gstatic.com/_/mss/boq-cloud-client/_/js/k=boq-cloud-client.VertexAiStudioStandaloneUi.ko.-njrLqqSIgA.es6.O/am=AAAAAAAHAAAAAADAAgAAIA/d=1/excm=b/ed=1/wt=2/ujg=1/rs=AJ563L8XC4h-046Ntqo1XrdBM-v-6CfrxA/dti=1/m=b:3693
[    1555ms] [WARNING] No ID or name found in config. @ https://www.gstatic.com/_/mss/boq-cloud-client/_/js/k=boq-cloud-client.VertexAiStudioStandaloneUi.ko.-njrLqqSIgA.es6.O/am=AAAAAAAHAAAAAADAAgAAIA/d=1/excm=b/ed=1/wt=2/ujg=1/rs=AJ563L8XC4h-046Ntqo1XrdBM-v-6CfrxA/dti=1/m=b:3693
[    1556ms] [WARNING] No ID or name found in config. @ https://www.gstatic.com/_/mss/boq-cloud-client/_/js/k=boq-cloud-client.VertexAiStudioStandaloneUi.ko.-njrLqqSIgA.es6.O/am=AAAAAAAHAAAAAADAAgAAIA/d=1/excm=b/ed=1/wt=2/ujg=1/rs=AJ563L8XC4h-046Ntqo1XrdBM-v-6CfrxA/dti=1/m=b:3693
[    1795ms] [ERROR] Failed to load resource: the server responded with a status of 404 () @ https://cloudusersettings-pa.clients6.google.com/v1alpha1/settings/CONSOLE_PINS/keys/CLOUD?key=AIzaSyCI-zsRP85UVOi0DjtiCwWBwQ1djDy741g:0
[    2167ms] [ERROR] Failed to load resource: the server responded with a status of 404 () @ https://cloudusersettings-pa.clients6.google.com/v1alpha1/settings/PAN_CORE_ACCESSIBILITY_KEYBOARD_SHORTCUTS?key=AIzaSyCI-zsRP85UVOi0DjtiCwWBwQ1djDy741g:0
[    2333ms] [WARNING] No ID or name found in config. @ https://www.gstatic.com/_/mss/boq-cloud-client/_/js/k=boq-cloud-client.OneCloudBarMicroUi.ko.XLaKm2lIcLo.es6.O/d=1/ed=1/wt=2/ujg=1/rs=AJ563L97kfePQrTeWUJjvIilWvJigHb7zA/dti=1/m=ocb:2853
[    2392ms] [ERROR] Failed to load resource: the server responded with a status of 404 () @ https://cloudusersettings-pa.clients6.google.com/v1alpha1/settings/CONSOLE_NAV_UNLOCKED?key=AIzaSyCI-zsRP85UVOi0DjtiCwWBwQ1djDy741g:0
[    3259ms] [ERROR] Failed to load resource: the server responded with a status of 404 () @ https://cloudusersettings-pa.clients6.google.com/v1alpha1/settings/GROWTH_TARGETED_FEATURE_HISTORY/keys/recently_visited_products_new_badge?key=AIzaSyCI-zsRP85UVOi0DjtiCwWBwQ1djDy741g:0
[    3680ms] [ERROR] Failed to load resource: the server responded with a status of 404 () @ https://cloudusersettings-pa.clients6.google.com/v1alpha1/settings/PAN_CORE_ACCESSIBILITY_KEYBOARD_SHORTCUTS?key=AIzaSyCI-zsRP85UVOi0DjtiCwWBwQ1djDy741g:0
[    3681ms] [ERROR] Failed to load resource: the server responded with a status of 404 () @ https://cloudusersettings-pa.clients6.google.com/v1alpha1/settings/MFA_COHORT_DIALOG_SETTINGS?key=AIzaSyCI-zsRP85UVOi0DjtiCwWBwQ1djDy741g:0
[    3685ms] [ERROR] Failed to load resource: the server responded with a status of 404 () @ https://cloudusersettings-pa.clients6.google.com/v1alpha1/settings/GROWTH_TARGETED_FEATURE_HISTORY/keys/vertex_ai_genai_evaluation_new_badge?key=AIzaSyCI-zsRP85UVOi0DjtiCwWBwQ1djDy741g:0
[    3728ms] [ERROR] Failed to load resource: the server responded with a status of 404 () @ https://cloudusersettings-pa.clients6.google.com/v1alpha1/settings/COE_NU_FIRST_CHARGE_BANNER_DISMISSALS?key=AIzaSyCI-zsRP85UVOi0DjtiCwWBwQ1djDy741g:0
[   15509ms] [WARNING] The resource https://www.gstatic.com/pantheon/images/common/icons-medium_v163.svg was preloaded using link preload but not used within a few seconds from the window's load event. Please make sure it has an appropriate `as` value and it is preloaded intentionally. @ https://console.cloud.google.com/vertex-ai/agents/agent-designer/edit/agent_1772726670678?hl=ko&project=gen-lang-client-0303145795&session=&userId=user:0
[   23860ms] [WARNING] Form submission canceled because the form is not connected @ https://www.gstatic.com/_/mss/boq-cloud-client/_/js/k=boq-cloud-client.VertexAiStudioStandaloneUi.ko.-njrLqqSIgA.es6.O/am=AAAAAAAHAAAAAADAAgAAIA/d=0/excm=b/ed=1/wt=2/ujg=1/rs=AJ563L8XC4h-046Ntqo1XrdBM-v-6CfrxA/dti=1/m=sygn,sy12y,sybz,pm_js_yaml,syap,syas,syw8,syy3,sy12w,sy12x,sy13l,sy5p,syby,syc0,syjj,syms,symw,symv,syni,sypz,sysn,syxj,syy4,syyf,sy12t,sy12z,sy13n,sy13p,sy141,Zfo8if:1869
[   25956ms] [WARNING] Form submission canceled because the form is not connected @ https://www.gstatic.com/_/mss/boq-cloud-client/_/js/k=boq-cloud-client.VertexAiStudioStandaloneUi.ko.-njrLqqSIgA.es6.O/am=AAAAAAAHAAAAAADAAgAAIA/d=0/excm=b/ed=1/wt=2/ujg=1/rs=AJ563L8XC4h-046Ntqo1XrdBM-v-6CfrxA/dti=1/m=sygn,sy12y,sybz,pm_js_yaml,syap,syas,syw8,syy3,sy12w,sy12x,sy13l,sy5p,syby,syc0,syjj,syms,symw,symv,syni,sypz,sysn,syxj,syy4,syyf,sy12t,sy12z,sy13n,sy13p,sy141,Zfo8if:1869
[   28959ms] [WARNING] The resource https://www.gstatic.com/pantheon/images/common/icons-medium_v163.svg was preloaded using link preload but not used within a few seconds from the window's load event. Please make sure it has an appropriate `as` value and it is preloaded intentionally. @ https://console.cloud.google.com/vertex-ai/agents/agent-designer/edit/agent_1772726670678?hl=ko&project=gen-lang-client-0303145795&session=&userId=user:0
[   30251ms] [WARNING] The PerformanceObserver does not support buffered flag with the entryTypes argument. @ https://www.gstatic.com/_/pantheon/_/js/k=pantheon.pantheon_module_set.ko.uUj_F_dMxdY.es5.O/am=AAAAAAA4AAAAAAAALA/d=1/rs=ADqnUbP36GMZplwhuSCESptuCJ7J73VOFQ/m=core:1196
[   30677ms] [WARNING] No ID or name found in config. @ https://www.gstatic.com/_/pantheon/_/js/k=pantheon.pantheon_module_set.ko.uUj_F_dMxdY.es5.O/am=AAAAAAA4AAAAAAAALA/d=1/rs=ADqnUbP36GMZplwhuSCESptuCJ7J73VOFQ/m=core:4122
[   30774ms] [ERROR] Failed to load resource: the server responded with a status of 404 () @ https://cloudusersettings-pa.clients6.google.com/v1alpha1/settings/CONSOLE_PINS/keys/CLOUD?key=AIzaSyCI-zsRP85UVOi0DjtiCwWBwQ1djDy741g:0
[   30777ms] [ERROR] Failed to load resource: the server responded with a status of 404 () @ https://cloudusersettings-pa.clients6.google.com/v1alpha1/settings/PAN_CORE_ACCESSIBILITY_KEYBOARD_SHORTCUTS?key=AIzaSyCI-zsRP85UVOi0DjtiCwWBwQ1djDy741g:0
[   30891ms] [WARNING] No ID or name found in config. @ https://www.gstatic.com/_/pantheon/_/js/k=pantheon.pantheon_module_set.ko.uUj_F_dMxdY.es5.O/am=AAAAAAA4AAAAAAAALA/d=1/rs=ADqnUbP36GMZplwhuSCESptuCJ7J73VOFQ/m=core:4122
[   30893ms] [WARNING] No ID or name found in config. @ https://www.gstatic.com/_/pantheon/_/js/k=pantheon.pantheon_module_set.ko.uUj_F_dMxdY.es5.O/am=AAAAAAA4AAAAAAAALA/d=1/rs=ADqnUbP36GMZplwhuSCESptuCJ7J73VOFQ/m=core:4122
[   30894ms] [WARNING] No ID or name found in config. @ https://www.gstatic.com/_/pantheon/_/js/k=pantheon.pantheon_module_set.ko.uUj_F_dMxdY.es5.O/am=AAAAAAA4AAAAAAAALA/d=1/rs=ADqnUbP36GMZplwhuSCESptuCJ7J73VOFQ/m=core:4122
[   30895ms] [WARNING] No ID or name found in config. @ https://www.gstatic.com/_/pantheon/_/js/k=pantheon.pantheon_module_set.ko.uUj_F_dMxdY.es5.O/am=AAAAAAA4AAAAAAAALA/d=1/rs=ADqnUbP36GMZplwhuSCESptuCJ7J73VOFQ/m=core:4122
[   30896ms] [WARNING] No ID or name found in config. @ https://www.gstatic.com/_/pantheon/_/js/k=pantheon.pantheon_module_set.ko.uUj_F_dMxdY.es5.O/am=AAAAAAA4AAAAAAAALA/d=1/rs=ADqnUbP36GMZplwhuSCESptuCJ7J73VOFQ/m=core:4122
[   30912ms] [WARNING] No ID or name found in config. @ https://www.gstatic.com/_/pantheon/_/js/k=pantheon.pantheon_module_set.ko.uUj_F_dMxdY.es5.O/am=AAAAAAA4AAAAAAAALA/d=1/rs=ADqnUbP36GMZplwhuSCESptuCJ7J73VOFQ/m=core:4122
[   30914ms] [WARNING] No ID or name found in config. @ https://www.gstatic.com/_/pantheon/_/js/k=pantheon.pantheon_module_set.ko.uUj_F_dMxdY.es5.O/am=AAAAAAA4AAAAAAAALA/d=1/rs=ADqnUbP36GMZplwhuSCESptuCJ7J73VOFQ/m=core:4122
[   30916ms] [WARNING] No ID or name found in config. @ https://www.gstatic.com/_/pantheon/_/js/k=pantheon.pantheon_module_set.ko.uUj_F_dMxdY.es5.O/am=AAAAAAA4AAAAAAAALA/d=1/rs=ADqnUbP36GMZplwhuSCESptuCJ7J73VOFQ/m=core:4122
[   30917ms] [WARNING] No ID or name found in config. @ https://www.gstatic.com/_/pantheon/_/js/k=pantheon.pantheon_module_set.ko.uUj_F_dMxdY.es5.O/am=AAAAAAA4AAAAAAAALA/d=1/rs=ADqnUbP36GMZplwhuSCESptuCJ7J73VOFQ/m=core:4122
[   30918ms] [WARNING] No ID or name found in config. @ https://www.gstatic.com/_/pantheon/_/js/k=pantheon.pantheon_module_set.ko.uUj_F_dMxdY.es5.O/am=AAAAAAA4AAAAAAAALA/d=1/rs=ADqnUbP36GMZplwhuSCESptuCJ7J73VOFQ/m=core:4122
[   30919ms] [WARNING] No ID or name found in config. @ https://www.gstatic.com/_/pantheon/_/js/k=pantheon.pantheon_module_set.ko.uUj_F_dMxdY.es5.O/am=AAAAAAA4AAAAAAAALA/d=1/rs=ADqnUbP36GMZplwhuSCESptuCJ7J73VOFQ/m=core:4122
[   30920ms] [WARNING] No ID or name found in config. @ https://www.gstatic.com/_/pantheon/_/js/k=pantheon.pantheon_module_set.ko.uUj_F_dMxdY.es5.O/am=AAAAAAA4AAAAAAAALA/d=1/rs=ADqnUbP36GMZplwhuSCESptuCJ7J73VOFQ/m=core:4122
[   31108ms] [ERROR] Failed to load resource: the server responded with a status of 404 () @ https://cloudusersettings-pa.clients6.google.com/v1alpha1/settings/PIPELINES_AND_CONNECTIONS_OPT_IN?key=AIzaSyCI-zsRP85UVOi0DjtiCwWBwQ1djDy741g:0
[   31114ms] [ERROR] Failed to load resource: the server responded with a status of 404 () @ https://cloudusersettings-pa.clients6.google.com/v1alpha1/settings/CONSOLE_NAV_UNLOCKED?key=AIzaSyCI-zsRP85UVOi0DjtiCwWBwQ1djDy741g:0
[   31152ms] [ERROR] Failed to load resource: the server responded with a status of 404 () @ https://cloudusersettings-pa.clients6.google.com/v1alpha1/settings/SIDENAV_COMPACT_MODE?key=AIzaSyCI-zsRP85UVOi0DjtiCwWBwQ1djDy741g:0
[   31173ms] [ERROR] Failed to load resource: the server responded with a status of 404 () @ https://cloudusersettings-pa.clients6.google.com/v1alpha1/settings/CCX_SECTION_NAV_EXPANDED_PAGE_GROUPS/keys/ai-platform?key=AIzaSyCI-zsRP85UVOi0DjtiCwWBwQ1djDy741g:0
[   31175ms] [WARNING] No ID or name found in config. @ https://www.gstatic.com/_/pantheon/_/js/k=pantheon.pantheon_module_set.ko.uUj_F_dMxdY.es5.O/am=AAAAAAA4AAAAAAAALA/d=1/rs=ADqnUbP36GMZplwhuSCESptuCJ7J73VOFQ/m=core:4122
[   31177ms] [WARNING] No ID or name found in config. @ https://www.gstatic.com/_/pantheon/_/js/k=pantheon.pantheon_module_set.ko.uUj_F_dMxdY.es5.O/am=AAAAAAA4AAAAAAAALA/d=1/rs=ADqnUbP36GMZplwhuSCESptuCJ7J73VOFQ/m=core:4122
[   31178ms] [WARNING] No ID or name found in config. @ https://www.gstatic.com/_/pantheon/_/js/k=pantheon.pantheon_module_set.ko.uUj_F_dMxdY.es5.O/am=AAAAAAA4AAAAAAAALA/d=1/rs=ADqnUbP36GMZplwhuSCESptuCJ7J73VOFQ/m=core:4122
[   31179ms] [WARNING] No ID or name found in config. @ https://www.gstatic.com/_/pantheon/_/js/k=pantheon.pantheon_module_set.ko.uUj_F_dMxdY.es5.O/am=AAAAAAA4AAAAAAAALA/d=1/rs=ADqnUbP36GMZplwhuSCESptuCJ7J73VOFQ/m=core:4122
[   31180ms] [WARNING] No ID or name found in config. @ https://www.gstatic.com/_/pantheon/_/js/k=pantheon.pantheon_module_set.ko.uUj_F_dMxdY.es5.O/am=AAAAAAA4AAAAAAAALA/d=1/rs=ADqnUbP36GMZplwhuSCESptuCJ7J73VOFQ/m=core:4122
[   31181ms] [WARNING] No ID or name found in config. @ https://www.gstatic.com/_/pantheon/_/js/k=pantheon.pantheon_module_set.ko.uUj_F_dMxdY.es5.O/am=AAAAAAA4AAAAAAAALA/d=1/rs=ADqnUbP36GMZplwhuSCESptuCJ7J73VOFQ/m=core:4122
[   31182ms] [WARNING] No ID or name found in config. @ https://www.gstatic.com/_/pantheon/_/js/k=pantheon.pantheon_module_set.ko.uUj_F_dMxdY.es5.O/am=AAAAAAA4AAAAAAAALA/d=1/rs=ADqnUbP36GMZplwhuSCESptuCJ7J73VOFQ/m=core:4122
[   31183ms] [WARNING] No ID or name found in config. @ https://www.gstatic.com/_/pantheon/_/js/k=pantheon.pantheon_module_set.ko.uUj_F_dMxdY.es5.O/am=AAAAAAA4AAAAAAAALA/d=1/rs=ADqnUbP36GMZplwhuSCESptuCJ7J73VOFQ/m=core:4122
[   31184ms] [WARNING] No ID or name found in config. @ https://www.gstatic.com/_/pantheon/_/js/k=pantheon.pantheon_module_set.ko.uUj_F_dMxdY.es5.O/am=AAAAAAA4AAAAAAAALA/d=1/rs=ADqnUbP36GMZplwhuSCESptuCJ7J73VOFQ/m=core:4122
[   31185ms] [WARNING] No ID or name found in config. @ https://www.gstatic.com/_/pantheon/_/js/k=pantheon.pantheon_module_set.ko.uUj_F_dMxdY.es5.O/am=AAAAAAA4AAAAAAAALA/d=1/rs=ADqnUbP36GMZplwhuSCESptuCJ7J73VOFQ/m=core:4122
[   31186ms] [WARNING] No ID or name found in config. @ https://www.gstatic.com/_/pantheon/_/js/k=pantheon.pantheon_module_set.ko.uUj_F_dMxdY.es5.O/am=AAAAAAA4AAAAAAAALA/d=1/rs=ADqnUbP36GMZplwhuSCESptuCJ7J73VOFQ/m=core:4122
[   31187ms] [WARNING] No ID or name found in config. @ https://www.gstatic.com/_/pantheon/_/js/k=pantheon.pantheon_module_set.ko.uUj_F_dMxdY.es5.O/am=AAAAAAA4AAAAAAAALA/d=1/rs=ADqnUbP36GMZplwhuSCESptuCJ7J73VOFQ/m=core:4122
[   31687ms] [ERROR] Failed to load resource: the server responded with a status of 404 () @ https://cloudusersettings-pa.clients6.google.com/v1alpha1/settings/CLOUD_AI_PLATFORM_UI_SETTINGS/keys/lastUsedRegion?key=AIzaSyCI-zsRP85UVOi0DjtiCwWBwQ1djDy741g:0
[   33060ms] [ERROR] Failed to load resource: the server responded with a status of 404 () @ https://cloudusersettings-pa.clients6.google.com/v1alpha1/settings/GROWTH_TARGETED_FEATURE_HISTORY/keys/vertex_ai_genai_evaluation_new_badge?key=AIzaSyCI-zsRP85UVOi0DjtiCwWBwQ1djDy741g:0
[   33114ms] [ERROR] Failed to load resource: the server responded with a status of 400 () @ https://cloudusersettings-pa.clients6.google.com/v1alpha1/settings/GROWTH_TARGETED_FEATURE_HISTORY?key=AIzaSyCI-zsRP85UVOi0DjtiCwWBwQ1djDy741g:0
[   33130ms] [ERROR] Failed to load resource: the server responded with a status of 404 () @ https://cloudusersettings-pa.clients6.google.com/v1alpha1/settings/MFA_COHORT_DIALOG_SETTINGS?key=AIzaSyCI-zsRP85UVOi0DjtiCwWBwQ1djDy741g:0
[   33164ms] [ERROR] Failed to load resource: the server responded with a status of 400 () @ https://cloudusersettings-pa.clients6.google.com/v1alpha1/settings/GROWTH_TARGETED_FEATURE_HISTORY?key=AIzaSyCI-zsRP85UVOi0DjtiCwWBwQ1djDy741g:0
[   33188ms] [ERROR] Failed to load resource: the server responded with a status of 404 () @ https://cloudusersettings-pa.clients6.google.com/v1alpha1/settings/COE_NU_FIRST_CHARGE_BANNER_DISMISSALS?key=AIzaSyCI-zsRP85UVOi0DjtiCwWBwQ1djDy741g:0
[   33266ms] [ERROR] Failed to load resource: the server responded with a status of 404 () @ https://cloudusersettings-pa.clients6.google.com/v1alpha1/settings/GROWTH_TARGETED_FEATURE_HISTORY/keys/recently_visited_products_new_badge?key=AIzaSyCI-zsRP85UVOi0DjtiCwWBwQ1djDy741g:0
